[2023-09-15 10:14:37] Aleksey: Hello
[2023-09-15 10:15:47] Aleksey: Goodbye
[2023-09-15 10:15:51] Aleksey: /exit
[2023-09-15 10:21:42] Sveta: Hello
[2023-09-15 10:22:14] Aleksey: Hello guys
[2023-09-15 10:22:22] Anton: Hi
[2023-09-15 10:22:55] Aleksey: Goodbye
[2023-09-15 10:22:58] Aleksey: /exit
[2023-09-15 10:23:16] Anton: bye
[2023-09-15 10:23:24] Anton: /exit
[2023-09-15 10:23:33] Sveta: bye bye
[2023-09-15 10:23:37] Sveta: /exit
Hello, server!
Hello, server!
Hello, server!
[2023-09-15 11:25:34] TestClient: Hello, server!
[2023-09-15 11:25:34] TestClient: Hello, server!
Hello, server!
[2023-09-15 11:27:25] TestClient: Hello, server!
[2023-09-15 11:27:25] TestClient: Hello, server!
Hello, server!
[2023-09-15 11:27:39] TestClient: Hello, server!
[2023-09-15 11:27:39] TestClient: Hello, server!
Hello, server!
[2023-09-15 11:28:48] TestClient: Hello, server!
[2023-09-15 11:28:48] TestClient: Hello, server!
Hello, server!
[2023-09-15 11:29:52] TestClient: Hello, server!
[2023-09-15 11:29:52] TestClient: Hello, server!
Hello, server!
[2023-09-15 11:30:07] TestClient: Hello, server!
[2023-09-15 11:30:07] TestClient: Hello, server!
Hello, server!
[2023-09-15 11:34:21] TestClient: Hello, server!
[2023-09-15 11:34:21] TestClient: Hello, server!
Hello, server!
[2023-09-15 11:34:48] TestClient: Hello, server!
[2023-09-15 11:34:48] TestClient: Hello, server!
Hello, server!
[2023-09-15 11:34:55] TestClient: Hello, server!
[2023-09-15 11:34:55] TestClient: Hello, server!
Hello, server!
[2023-09-15 11:36:40] TestClient: Hello, server!
[2023-09-15 11:36:40] TestClient: Hello, server!
Hello, server!
[2023-09-15 11:38:02] TestClient: Hello, server!
[2023-09-15 11:38:02] TestClient: Hello, server!
Hello, server!
[2023-09-15 11:38:25] TestClient: Hello, server!
[2023-09-15 11:38:25] TestClient: Hello, server!
Hello, server!
[2023-09-15 11:38:30] TestClient: Hello, server!
[2023-09-15 11:38:30] TestClient: Hello, server!
Hello, server!
[2023-09-15 11:41:34] TestClient: Hello, server!
[2023-09-15 11:41:34] TestClient: Hello, server!
Hello, server!
[2023-09-15 11:41:53] TestClient: Hello, server!
[2023-09-15 11:41:53] TestClient: Hello, server!
Hello, server!
[2023-09-15 11:46:00] TestClient: Hello, server!
[2023-09-15 11:46:00] TestClient: Hello, server!
Hello, server!
[2023-09-15 11:46:09] TestClient: Hello, server!
[2023-09-15 11:46:09] TestClient: Hello, server!
